<?xml version="1.0" encoding="UTF-8"?>
<!-- Generated by org.testng.reporters.JUnitXMLReporter -->
<testsuite ignored="0" hostname="DESKTOP-4AJDMDK" failures="0" tests="6" name="Test" time="3.887" errors="0" timestamp="2021-05-08T00:33:24 IST">
  <testcase classname="dummy.Test_dummy" name="method_1_goToApp" time="0.521"/>
  <testcase classname="dummy.Test_dummy" name="method_2_swith" time="0.927"/>
  <testcase classname="dummy.Test_dummy" name="method_3_swith" time="1.465"/>
  <testcase classname="dummy.Test_dummy" name="method_4_TakeScreenshot" time="0.578"/>
  <testcase classname="dummy.Test_dummy" name="method_5_TakeElementScreenshot" time="0.284"/>
  <testcase classname="dummy.Test_dummy" name="method_6_getRectattributes" time="0.066"/>
</testsuite> <!-- Test -->
