<?xml version="1.0" encoding="UTF-8"?>
<testng-results ignored="0" total="1" passed="1" failed="0" skipped="0">
  <reporter-output>
  </reporter-output>
  <suite started-at="2021-05-08T15:32:59 IST" name="Suite" finished-at="2021-05-08T15:33:01 IST" duration-ms="2578">
    <groups>
    </groups>
    <test started-at="2021-05-08T15:32:59 IST" name="Test" finished-at="2021-05-08T15:33:01 IST" duration-ms="2578">
      <class name="dummy.DriverClass">
        <test-method is-config="true" signature="launchBrowser()[pri:0, instance:dummy.DriverClass@3e58a80e]" started-at="2021-05-08T15:32:57 IST" name="launchBrowser" finished-at="2021-05-08T15:32:59 IST" duration-ms="1353" status="PASS">
          <reporter-output>
          </reporter-output>
        </test-method> <!-- launchBrowser -->
        <test-method is-config="true" signature="afterSuite()[pri:0, instance:dummy.DriverClass@3e58a80e]" started-at="2021-05-08T15:33:01 IST" name="afterSuite" finished-at="2021-05-08T15:33:02 IST" duration-ms="562" status="PASS">
          <reporter-output>
          </reporter-output>
        </test-method> <!-- afterSuite -->
      </class> <!-- dummy.DriverClass -->
      <class name="dummy.Test_RemoteExecution">
        <test-method signature="testremote()[pri:0, instance:dummy.Test_RemoteExecution@37afeb11]" started-at="2021-05-08T15:32:59 IST" name="testremote" finished-at="2021-05-08T15:33:01 IST" duration-ms="2566" status="PASS">
          <reporter-output>
          </reporter-output>
        </test-method> <!-- testremote -->
      </class> <!-- dummy.Test_RemoteExecution -->
    </test> <!-- Test -->
  </suite> <!-- Suite -->
</testng-results>
